Arguments: 
  /usr/local/Cellar/node/16.0.0_1/bin/node /usr/local/bin/yarn

PATH: 
  /path/to/new/python/bin:/usr/local/opt/ruby/bin:/usr/local/sbin:/usr/local/sbin:/Users/terence/flutter/bin:/Library/Frameworks/Python.framework/Versions/2.7/bin:/Library/Frameworks/Python.framework/Versions/3.8/bin:/usr/local/bin:/usr/bin:/bin:/usr/sbin:/sbin:/Library/TeX/texbin:/usr/local/share/dotnet:~/.dotnet/tools:/Library/Apple/usr/bin:/Library/Frameworks/Mono.framework/Versions/Current/Commands

Yarn version: 
  1.22.10

Node version: 
  16.0.0

Platform: 
  darwin x64

Trace: 
  Error: EACCES: permission denied, mkdir '/Users/terence/Downloads/simplefolio/node_modules/global-prefix/node_modules/kind-of'

npm manifest: 
  {
    "name": "simplefolio",
    "version": "1.0.1",
    "description": "A clean, beautiful and responsive portfolio template for Developers!",
    "main": "index.js",
    "scripts": {
      "start": "webpack-dev-server --config webpack.dev.js --open",
      "build": "webpack --config webpack.prod.js"
    },
    "repository": {
      "type": "git",
      "url": "git+https://github.com/cobidev/simplefolio"
    },
    "keywords": [],
    "author": "Jacobo Martinez",
    "license": "ISC",
    "bugs": {
      "url": "https://github.com/cobidev/simplefolio/issues"
    },
    "homepage": "https://github.com/cobidev/simplefolio#readme",
    "devDependencies": {
      "clean-webpack-plugin": "^3.0.0",
      "css-loader": "^3.6.0",
      "file-loader": "^6.0.0",
      "html-loader": "^1.1.0",
      "html-webpack-plugin": "^4.3.0",
      "mini-css-extract-plugin": "^1.6.0",
      "node-sass": "^6.0.0",
      "optimize-css-assets-webpack-plugin": "^5.0.3",
      "sass-loader": "^10.0.0",
      "style-loader": "^1.2.1",
      "webpack": "^4.44.0",
      "webpack-cli": "^3.3.12",
      "webpack-dev-server": "^3.11.0",
      "webpack-merge": "^4.2.2"
    },
    "dependencies": {
      "bootstrap": "^4.5.0",
      "jquery": "^3.5.1",
      "popper.js": "^1.16.1",
      "tilt.js": "^1.2.1"
    }
  }

yarn manifest: 
  No manifest

Lockfile: 
  No lockfile
